<?xml version="1.0" encoding="UTF-8"?>
<!-- Generated by org.testng.reporters.JUnitReportReporter -->
<testsuite hostname="TTNPL-BhawanaPandey" failures="0" tests="2" name="org.ttn.SeleniumMaven.SearchPage" time="6.777" errors="0" timestamp="2023-03-27T14:37:42 IST" skipped="0">
  <testcase classname="org.ttn.SeleniumMaven.SearchPage" name="searchbar" time="1.135"/>
  <system-out/>
  <testcase classname="org.ttn.SeleniumMaven.SearchPage" name="search" time="5.642"/>
  <system-out/>
</testsuite> <!-- org.ttn.SeleniumMaven.SearchPage -->
