<?xml version="1.0" encoding="UTF-8"?>
<!-- Generated by org.testng.reporters.JUnitReportReporter -->
<testsuite hostname="TTNPL-BhawanaPandey" failures="0" tests="5" name="org.ttn.SeleniumMaven.NewTestAutomateHome" time="2.357" errors="0" timestamp="2023-04-10T14:50:11 IST" skipped="0">
  <testcase classname="org.ttn.SeleniumMaven.NewTestAutomateHome" name="pageLoad" time="0.137"/>
  <system-out/>
  <testcase classname="org.ttn.SeleniumMaven.NewTestAutomateHome" name="LoginAndRegisterDisplay" time="0.064"/>
  <system-out/>
  <testcase classname="org.ttn.SeleniumMaven.NewTestAutomateHome" name="loginIsClickable" time="0.031"/>
  <system-out/>
  <testcase classname="org.ttn.SeleniumMaven.NewTestAutomateHome" name="registerIsClickable" time="0.033"/>
  <system-out/>
  <testcase classname="org.ttn.SeleniumMaven.NewTestAutomateHome" name="productIsVisible" time="2.092"/>
  <system-out/>
</testsuite> <!-- org.ttn.SeleniumMaven.NewTestAutomateHome -->
