<?xml version="1.0" encoding="UTF-8"?>
<!-- Generated by org.testng.reporters.JUnitReportReporter -->
<testsuite hostname="TTNPL-BhawanaPandey" failures="0" tests="1" name="org.ttn.SeleniumMaven.DemoText" time="8.077" errors="0" timestamp="2023-03-23T14:09:35 IST" skipped="0">
  <testcase classname="org.ttn.SeleniumMaven.DemoText" name="demo1" time="8.077"/>
  <system-out/>
</testsuite> <!-- org.ttn.SeleniumMaven.DemoText -->
