<?xml version="1.0" encoding="UTF-8"?>
<!-- Generated by org.testng.reporters.JUnitReportReporter -->
<testsuite hostname="TTNPL-BhawanaPandey" failures="0" tests="1" name="org.ttn.SeleniumMaven.NewTestHome" time="11.269" errors="0" timestamp="2023-03-27T10:20:37 IST" skipped="0">
  <testcase classname="org.ttn.SeleniumMaven.NewTestHome" name="checklogo" time="11.269"/>
  <system-out/>
</testsuite> <!-- org.ttn.SeleniumMaven.NewTestHome -->
