<?xml version="1.0" encoding="UTF-8"?>
<!-- Generated by org.testng.reporters.JUnitReportReporter -->
<testsuite hostname="TTNPL-BhawanaPandey" failures="0" tests="1" name="org.ttn.SeleniumMaven.GuruAutomation" time="8.784" errors="0" timestamp="2023-04-10T14:49:57 IST" skipped="0">
  <testcase classname="org.ttn.SeleniumMaven.GuruAutomation" name="parent" time="8.784"/>
  <system-out/>
</testsuite> <!-- org.ttn.SeleniumMaven.GuruAutomation -->
